[2025-08-24T15:06:43.853+0000] {local_task_job_runner.py:120} INFO - ::group::Pre task execution logs
[2025-08-24T15:06:43.878+0000] {taskinstance.py:2073} INFO - Dependencies all met for dep_context=non-requeueable deps ti=<TaskInstance: customer_churn_pipeline.ingest_data manual__2025-08-24T15:06:40.584357+00:00 [queued]>
[2025-08-24T15:06:43.884+0000] {taskinstance.py:2073} INFO - Dependencies all met for dep_context=requeueable deps ti=<TaskInstance: customer_churn_pipeline.ingest_data manual__2025-08-24T15:06:40.584357+00:00 [queued]>
[2025-08-24T15:06:43.884+0000] {taskinstance.py:2303} INFO - Starting attempt 1 of 3
[2025-08-24T15:06:43.893+0000] {taskinstance.py:2327} INFO - Executing <Task(PythonOperator): ingest_data> on 2025-08-24 15:06:40.584357+00:00
[2025-08-24T15:06:43.904+0000] {standard_task_runner.py:63} INFO - Started process 215 to run task
[2025-08-24T15:06:43.907+0000] {standard_task_runner.py:90} INFO - Running: ['***', 'tasks', 'run', 'customer_churn_pipeline', 'ingest_data', 'manual__2025-08-24T15:06:40.584357+00:00', '--job-id', '190', '--raw', '--subdir', 'DAGS_FOLDER/.ipynb_checkpoints/***_dag-checkpoint.py', '--cfg-path', '/tmp/tmpkwhipksa']
[2025-08-24T15:06:43.909+0000] {standard_task_runner.py:91} INFO - Job 190: Subtask ingest_data
[2025-08-24T15:06:43.955+0000] {task_command.py:426} INFO - Running <TaskInstance: customer_churn_pipeline.ingest_data manual__2025-08-24T15:06:40.584357+00:00 [running]> on host e7c10817c3ee
[2025-08-24T15:06:44.112+0000] {taskinstance.py:2644} INFO - Exporting env vars: AIRFLOW_CTX_DAG_EMAIL='admin@company.com' AIRFLOW_CTX_DAG_OWNER='data-team' AIRFLOW_CTX_DAG_ID='customer_churn_pipeline' AIRFLOW_CTX_TASK_ID='ingest_data' AIRFLOW_CTX_EXECUTION_DATE='2025-08-24T15:06:40.584357+00:00' AIRFLOW_CTX_TRY_NUMBER='1' AIRFLOW_CTX_DAG_RUN_ID='manual__2025-08-24T15:06:40.584357+00:00'
[2025-08-24T15:06:44.113+0000] {taskinstance.py:430} INFO - ::endgroup::
[2025-08-24T15:06:44.141+0000] {logging_mixin.py:188} WARNING - 2025-08-24 15:06:44,140 - DataIngestion - INFO - Starting customer data ingestion
[2025-08-24T15:06:44.140+0000] {airflow_dag-checkpoint.py:82} INFO - Starting customer data ingestion
[2025-08-24T15:06:44.141+0000] {logging_mixin.py:188} WARNING - 2025-08-24 15:06:44,141 - DataFetch - INFO - Fetching customer records
[2025-08-24T15:06:44.141+0000] {airflow_dag-checkpoint.py:82} INFO - Fetching customer records
[2025-08-24T15:06:45.307+0000] {logging_mixin.py:188} WARNING - 2025-08-24 15:06:45,306 - DataFetch - INFO - Fetched 10000 Customer records
[2025-08-24T15:06:45.306+0000] {airflow_dag-checkpoint.py:82} INFO - Fetched 10000 Customer records
[2025-08-24T15:06:45.341+0000] {logging_mixin.py:188} WARNING - 2025-08-24 15:06:45,341 - DataIngestion - INFO - Customer data ingested successfully: /opt/***/data/raw/customers/customers_20250824_150645.csv
[2025-08-24T15:06:45.341+0000] {airflow_dag-checkpoint.py:82} INFO - Customer data ingested successfully: /opt/***/data/raw/customers/customers_20250824_150645.csv
[2025-08-24T15:06:45.341+0000] {logging_mixin.py:188} WARNING - 2025-08-24 15:06:45,341 - DataIngestion - INFO - Starting transaction data ingestion
[2025-08-24T15:06:45.341+0000] {airflow_dag-checkpoint.py:82} INFO - Starting transaction data ingestion
[2025-08-24T15:06:45.342+0000] {logging_mixin.py:188} WARNING - 2025-08-24 15:06:45,342 - DataFetch - INFO - Fetching Transaction data for customers
[2025-08-24T15:06:45.342+0000] {airflow_dag-checkpoint.py:82} INFO - Fetching Transaction data for customers
[2025-08-24T15:06:53.011+0000] {logging_mixin.py:188} WARNING - 2025-08-24 15:06:53,010 - DataFetch - INFO - Fetched 200046 transaction records
[2025-08-24T15:06:53.010+0000] {airflow_dag-checkpoint.py:82} INFO - Fetched 200046 transaction records
[2025-08-24T15:06:53.647+0000] {logging_mixin.py:188} WARNING - 2025-08-24 15:06:53,647 - DataIngestion - INFO - Transaction data ingested successfully: /opt/***/data/raw/transactions/transactions_20250824_150653.csv
[2025-08-24T15:06:53.647+0000] {airflow_dag-checkpoint.py:82} INFO - Transaction data ingested successfully: /opt/***/data/raw/transactions/transactions_20250824_150653.csv
[2025-08-24T15:06:53.653+0000] {logging_mixin.py:188} WARNING - 2025-08-24 15:06:53,653 - DataIngestion - INFO - Starting support data ingestion
[2025-08-24T15:06:53.653+0000] {airflow_dag-checkpoint.py:82} INFO - Starting support data ingestion
[2025-08-24T15:06:53.654+0000] {logging_mixin.py:188} WARNING - 2025-08-24 15:06:53,653 - DataFetch - INFO - Fetching support data for customers
[2025-08-24T15:06:53.653+0000] {airflow_dag-checkpoint.py:82} INFO - Fetching support data for customers
[2025-08-24T15:06:54.200+0000] {logging_mixin.py:188} WARNING - 2025-08-24 15:06:54,200 - DataFetch - INFO - Fetched 5928 support tickets
[2025-08-24T15:06:54.200+0000] {airflow_dag-checkpoint.py:82} INFO - Fetched 5928 support tickets
[2025-08-24T15:06:54.218+0000] {logging_mixin.py:188} WARNING - 2025-08-24 15:06:54,218 - DataIngestion - INFO - Support data ingested successfully: /opt/***/data/raw/support/support_20250824_150654.csv
[2025-08-24T15:06:54.218+0000] {airflow_dag-checkpoint.py:82} INFO - Support data ingested successfully: /opt/***/data/raw/support/support_20250824_150654.csv
[2025-08-24T15:06:54.221+0000] {logging_mixin.py:188} WARNING - 2025-08-24 15:06:54,221 - DataVersioning - INFO - Created data version: v20250824_150654
[2025-08-24T15:06:54.221+0000] {airflow_dag-checkpoint.py:82} INFO - Created data version: v20250824_150654
[2025-08-24T15:06:54.223+0000] {logging_mixin.py:188} WARNING - 2025-08-24 15:06:54,222 - PipelineMonitor - INFO - Logged metrics for data_ingestion: success in 10.09s
[2025-08-24T15:06:54.222+0000] {airflow_dag-checkpoint.py:82} INFO - Logged metrics for data_ingestion: success in 10.09s
[2025-08-24T15:06:54.256+0000] {python.py:237} INFO - Done. Returned value was: Data ingested successfully. Version: v20250824_150654
[2025-08-24T15:06:54.256+0000] {taskinstance.py:441} INFO - ::group::Post task execution logs
[2025-08-24T15:06:54.278+0000] {taskinstance.py:1205} INFO - Marking task as SUCCESS. dag_id=customer_churn_pipeline, task_id=ingest_data, execution_date=20250824T150640, start_date=20250824T150643, end_date=20250824T150654
[2025-08-24T15:06:54.348+0000] {local_task_job_runner.py:240} INFO - Task exited with return code 0
[2025-08-24T15:06:54.417+0000] {taskinstance.py:3482} INFO - 0 downstream tasks scheduled from follow-on schedule check
[2025-08-24T15:06:54.419+0000] {local_task_job_runner.py:222} INFO - ::endgroup::
