[2025-08-24T15:09:32.657+0000] {local_task_job_runner.py:120} INFO - ::group::Pre task execution logs
[2025-08-24T15:09:32.682+0000] {taskinstance.py:2073} INFO - Dependencies all met for dep_context=non-requeueable deps ti=<TaskInstance: customer_churn_pipeline.pipeline_monitoring_summary manual__2025-08-24T15:06:40.584357+00:00 [queued]>
[2025-08-24T15:09:32.688+0000] {taskinstance.py:2073} INFO - Dependencies all met for dep_context=requeueable deps ti=<TaskInstance: customer_churn_pipeline.pipeline_monitoring_summary manual__2025-08-24T15:06:40.584357+00:00 [queued]>
[2025-08-24T15:09:32.688+0000] {taskinstance.py:2303} INFO - Starting attempt 1 of 3
[2025-08-24T15:09:32.696+0000] {taskinstance.py:2327} INFO - Executing <Task(PythonOperator): pipeline_monitoring_summary> on 2025-08-24 15:06:40.584357+00:00
[2025-08-24T15:09:32.703+0000] {standard_task_runner.py:63} INFO - Started process 215 to run task
[2025-08-24T15:09:32.706+0000] {standard_task_runner.py:90} INFO - Running: ['***', 'tasks', 'run', 'customer_churn_pipeline', 'pipeline_monitoring_summary', 'manual__2025-08-24T15:06:40.584357+00:00', '--job-id', '195', '--raw', '--subdir', 'DAGS_FOLDER/.ipynb_checkpoints/***_dag-checkpoint.py', '--cfg-path', '/tmp/tmpid50l_co']
[2025-08-24T15:09:32.708+0000] {standard_task_runner.py:91} INFO - Job 195: Subtask pipeline_monitoring_summary
[2025-08-24T15:09:32.753+0000] {task_command.py:426} INFO - Running <TaskInstance: customer_churn_pipeline.pipeline_monitoring_summary manual__2025-08-24T15:06:40.584357+00:00 [running]> on host e7c10817c3ee
[2025-08-24T15:09:32.845+0000] {taskinstance.py:2644} INFO - Exporting env vars: AIRFLOW_CTX_DAG_EMAIL='admin@company.com' AIRFLOW_CTX_DAG_OWNER='data-team' AIRFLOW_CTX_DAG_ID='customer_churn_pipeline' AIRFLOW_CTX_TASK_ID='pipeline_monitoring_summary' AIRFLOW_CTX_EXECUTION_DATE='2025-08-24T15:06:40.584357+00:00' AIRFLOW_CTX_TRY_NUMBER='1' AIRFLOW_CTX_DAG_RUN_ID='manual__2025-08-24T15:06:40.584357+00:00'
[2025-08-24T15:09:32.846+0000] {taskinstance.py:430} INFO - ::endgroup::
[2025-08-24T15:09:32.861+0000] {logging_mixin.py:188} WARNING - 2025-08-24 15:09:32,861 - PipelineMonitor - WARNING - ALERT: Pipeline health is poor. Success rate: 30.00%
[2025-08-24T15:09:32.861+0000] {airflow_dag-checkpoint.py:88} WARNING - ALERT: Pipeline health is poor. Success rate: 30.00%
[2025-08-24T15:09:32.862+0000] {logging_mixin.py:188} WARNING - 2025-08-24 15:09:32,862 - PipelineMonitor - INFO - Logged metrics for monitoring_summary: success in 0.00s
[2025-08-24T15:09:32.862+0000] {airflow_dag-checkpoint.py:82} INFO - Logged metrics for monitoring_summary: success in 0.00s
[2025-08-24T15:09:32.862+0000] {python.py:237} INFO - Done. Returned value was: Pipeline monitoring completed. Status: warning. Report: /opt/***/reports/pipeline_monitoring_20250824_150932.txt
[2025-08-24T15:09:32.862+0000] {taskinstance.py:441} INFO - ::group::Post task execution logs
[2025-08-24T15:09:32.881+0000] {taskinstance.py:1205} INFO - Marking task as SUCCESS. dag_id=customer_churn_pipeline, task_id=pipeline_monitoring_summary, execution_date=20250824T150640, start_date=20250824T150932, end_date=20250824T150932
[2025-08-24T15:09:32.929+0000] {local_task_job_runner.py:240} INFO - Task exited with return code 0
[2025-08-24T15:09:32.945+0000] {taskinstance.py:3482} INFO - 0 downstream tasks scheduled from follow-on schedule check
[2025-08-24T15:09:32.946+0000] {local_task_job_runner.py:222} INFO - ::endgroup::
