[2025-08-24T15:15:48.573+0000] {local_task_job_runner.py:120} INFO - ::group::Pre task execution logs
[2025-08-24T15:15:48.601+0000] {taskinstance.py:2073} INFO - Dependencies all met for dep_context=non-requeueable deps ti=<TaskInstance: customer_churn_pipeline.prepare_and_train_data manual__2025-08-24T15:15:33.260075+00:00 [queued]>
[2025-08-24T15:15:48.607+0000] {taskinstance.py:2073} INFO - Dependencies all met for dep_context=requeueable deps ti=<TaskInstance: customer_churn_pipeline.prepare_and_train_data manual__2025-08-24T15:15:33.260075+00:00 [queued]>
[2025-08-24T15:15:48.607+0000] {taskinstance.py:2303} INFO - Starting attempt 1 of 3
[2025-08-24T15:15:48.615+0000] {taskinstance.py:2327} INFO - Executing <Task(PythonOperator): prepare_and_train_data> on 2025-08-24 15:15:33.260075+00:00
[2025-08-24T15:15:48.622+0000] {standard_task_runner.py:63} INFO - Started process 222 to run task
[2025-08-24T15:15:48.625+0000] {standard_task_runner.py:90} INFO - Running: ['***', 'tasks', 'run', 'customer_churn_pipeline', 'prepare_and_train_data', 'manual__2025-08-24T15:15:33.260075+00:00', '--job-id', '205', '--raw', '--subdir', 'DAGS_FOLDER/***_dag.py', '--cfg-path', '/tmp/tmp81oqwbzu']
[2025-08-24T15:15:48.627+0000] {standard_task_runner.py:91} INFO - Job 205: Subtask prepare_and_train_data
[2025-08-24T15:15:48.669+0000] {task_command.py:426} INFO - Running <TaskInstance: customer_churn_pipeline.prepare_and_train_data manual__2025-08-24T15:15:33.260075+00:00 [running]> on host e7c10817c3ee
[2025-08-24T15:15:48.748+0000] {taskinstance.py:2644} INFO - Exporting env vars: AIRFLOW_CTX_DAG_EMAIL='admin@company.com' AIRFLOW_CTX_DAG_OWNER='data-team' AIRFLOW_CTX_DAG_ID='customer_churn_pipeline' AIRFLOW_CTX_TASK_ID='prepare_and_train_data' AIRFLOW_CTX_EXECUTION_DATE='2025-08-24T15:15:33.260075+00:00' AIRFLOW_CTX_TRY_NUMBER='1' AIRFLOW_CTX_DAG_RUN_ID='manual__2025-08-24T15:15:33.260075+00:00'
[2025-08-24T15:15:48.749+0000] {taskinstance.py:430} INFO - ::endgroup::
[2025-08-24T15:15:48.778+0000] {logging_mixin.py:188} WARNING - 2025-08-24 15:15:48,778 - DataPreparation - INFO - Cleaning customer data
[2025-08-24T15:15:48.778+0000] {airflow_dag.py:82} INFO - Cleaning customer data
[2025-08-24T15:15:48.788+0000] {logging_mixin.py:188} WARNING - 2025-08-24 15:15:48,788 - DataPreparation - INFO - Data cleaned. Shape: (10000, 12)
[2025-08-24T15:15:48.788+0000] {airflow_dag.py:82} INFO - Data cleaned. Shape: (10000, 12)
[2025-08-24T15:15:49.021+0000] {logging_mixin.py:188} WARNING - 2025-08-24 15:15:49,021 - DataPreparation - INFO - Aggregating transaction data
[2025-08-24T15:15:49.021+0000] {airflow_dag.py:82} INFO - Aggregating transaction data
[2025-08-24T15:15:49.870+0000] {logging_mixin.py:188} WARNING - 2025-08-24 15:15:49,870 - DataPreparation - INFO - Transaction aggregation completed. Shape: (10000, 8)
[2025-08-24T15:15:49.870+0000] {airflow_dag.py:82} INFO - Transaction aggregation completed. Shape: (10000, 8)
[2025-08-24T15:15:49.878+0000] {logging_mixin.py:188} WARNING - 2025-08-24 15:15:49,878 - DataPreparation - INFO - Aggregating support data
[2025-08-24T15:15:49.878+0000] {airflow_dag.py:82} INFO - Aggregating support data
[2025-08-24T15:15:49.884+0000] {logging_mixin.py:188} WARNING - 2025-08-24 15:15:49,884 - DataPreparation - INFO - Support aggregation completed. Shape: (2588, 4)
[2025-08-24T15:15:49.884+0000] {airflow_dag.py:82} INFO - Support aggregation completed. Shape: (2588, 4)
[2025-08-24T15:15:49.885+0000] {logging_mixin.py:188} WARNING - 2025-08-24 15:15:49,885 - FeatureEngineer - INFO - Creating engineered features
[2025-08-24T15:15:49.885+0000] {airflow_dag.py:82} INFO - Creating engineered features
[2025-08-24T15:15:49.903+0000] {logging_mixin.py:188} WARNING - 2025-08-24 15:15:49,903 - FeatureEngineer - INFO - Feature engineering completed. Shape: (10000, 28)
[2025-08-24T15:15:49.903+0000] {airflow_dag.py:82} INFO - Feature engineering completed. Shape: (10000, 28)
[2025-08-24T15:15:50.005+0000] {logging_mixin.py:188} WARNING - 2025-08-24 15:15:50,005 - FeatureEngineer - INFO - Saving features to database
[2025-08-24T15:15:50.005+0000] {airflow_dag.py:82} INFO - Saving features to database
[2025-08-24T15:15:50.071+0000] {logging_mixin.py:188} WARNING - 2025-08-24 15:15:50,071 - FeatureEngineer - INFO - Features saved to database successfully
[2025-08-24T15:15:50.071+0000] {airflow_dag.py:82} INFO - Features saved to database successfully
[2025-08-24T15:15:50.072+0000] {logging_mixin.py:188} WARNING - 2025-08-24 15:15:50,071 - ChurnModel - INFO - Preparing model data
[2025-08-24T15:15:50.071+0000] {airflow_dag.py:82} INFO - Preparing model data
[2025-08-24T15:15:50.082+0000] {logging_mixin.py:188} WARNING - 2025-08-24 15:15:50,082 - ChurnModel - INFO - Data prepared. Features: 23, Samples: 10000
[2025-08-24T15:15:50.082+0000] {airflow_dag.py:82} INFO - Data prepared. Features: 23, Samples: 10000
[2025-08-24T15:15:50.082+0000] {logging_mixin.py:188} WARNING - 2025-08-24 15:15:50,082 - ChurnModel - INFO - Training models
[2025-08-24T15:15:50.082+0000] {airflow_dag.py:82} INFO - Training models
[2025-08-24T15:15:50.088+0000] {logging_mixin.py:188} WARNING - 2025-08-24 15:15:50,088 - ChurnModel - INFO - Training logistic_regression
[2025-08-24T15:15:50.088+0000] {airflow_dag.py:82} INFO - Training logistic_regression
[2025-08-24T15:15:50.991+0000] {logging_mixin.py:188} WARNING - 2025-08-24 15:15:50,990 - ChurnModel - INFO - logistic_regression - Accuracy: 0.735, AUC: 0.737
[2025-08-24T15:15:50.990+0000] {airflow_dag.py:82} INFO - logistic_regression - Accuracy: 0.735, AUC: 0.737
[2025-08-24T15:15:50.992+0000] {logging_mixin.py:188} WARNING - 2025-08-24 15:15:50,992 - ChurnModel - INFO - Training random_forest
[2025-08-24T15:15:50.992+0000] {airflow_dag.py:82} INFO - Training random_forest
[2025-08-24T15:15:55.510+0000] {logging_mixin.py:188} WARNING - 2025-08-24 15:15:55,510 - ChurnModel - INFO - random_forest - Accuracy: 0.729, AUC: 0.759
[2025-08-24T15:15:55.510+0000] {airflow_dag.py:82} INFO - random_forest - Accuracy: 0.729, AUC: 0.759
[2025-08-24T15:15:55.512+0000] {logging_mixin.py:188} WARNING - 2025-08-24 15:15:55,512 - ChurnModel - INFO - Model report generated: /opt/***/reports/model_performance_20250824_151555.txt
[2025-08-24T15:15:55.512+0000] {airflow_dag.py:82} INFO - Model report generated: /opt/***/reports/model_performance_20250824_151555.txt
[2025-08-24T15:15:55.514+0000] {logging_mixin.py:188} WARNING - 2025-08-24 15:15:55,514 - PipelineMonitor - INFO - Logged metrics for data_preparation_training: success in 6.75s
[2025-08-24T15:15:55.514+0000] {airflow_dag.py:82} INFO - Logged metrics for data_preparation_training: success in 6.75s
[2025-08-24T15:15:55.592+0000] {python.py:237} INFO - Done. Returned value was: Data preparation and training completed. Best model: random_forest (AUC: 0.759)
[2025-08-24T15:15:55.593+0000] {taskinstance.py:441} INFO - ::group::Post task execution logs
[2025-08-24T15:15:55.623+0000] {taskinstance.py:1205} INFO - Marking task as SUCCESS. dag_id=customer_churn_pipeline, task_id=prepare_and_train_data, execution_date=20250824T151533, start_date=20250824T151548, end_date=20250824T151555
[2025-08-24T15:15:55.657+0000] {local_task_job_runner.py:240} INFO - Task exited with return code 0
[2025-08-24T15:15:55.686+0000] {taskinstance.py:3482} INFO - 1 downstream tasks scheduled from follow-on schedule check
[2025-08-24T15:15:55.688+0000] {local_task_job_runner.py:222} INFO - ::endgroup::
